[Info  - 10:35:26 PM] Pylance language server 2021.11.0 (pyright fb86eac6) starting
[Info  - 10:35:26 PM] Server root directory: /home/skywalker/.vscode/extensions/ms-python.vscode-pylance-2021.11.0/dist
[Info  - 10:35:26 PM] No configuration file found.
[Info  - 10:35:26 PM] No pyproject.toml file found.
[Info  - 10:35:26 PM] Setting pythonPath for service "skywalker": "/usr/bin/python3"
[Warn  - 10:35:26 PM] stubPath /home/skywalker/typings is not a valid directory.
[Info  - 10:35:26 PM] Assuming Python version 3.7
[Info  - 10:35:26 PM] Assuming Python platform Linux
[Warn  - 10:35:27 PM] Exception received when installing file system watcher: TypeError [ERR_FEATURE_UNAVAILABLE_ON_PLATFORM]: The feature watch recursively is unavailable on the current platform, which is being used to run Node.js
[Warn  - 10:35:27 PM] Exception received when installing file system watcher: TypeError [ERR_FEATURE_UNAVAILABLE_ON_PLATFORM]: The feature watch recursively is unavailable on the current platform, which is being used to run Node.js
[Warn  - 10:35:27 PM] Exception received when installing file system watcher: TypeError [ERR_FEATURE_UNAVAILABLE_ON_PLATFORM]: The feature watch recursively is unavailable on the current platform, which is being used to run Node.js
[Warn  - 10:35:27 PM] Exception received when installing file system watcher: TypeError [ERR_FEATURE_UNAVAILABLE_ON_PLATFORM]: The feature watch recursively is unavailable on the current platform, which is being used to run Node.js
[Info  - 10:35:27 PM] Searching for source files
[Info  - 10:35:28 PM] Found 5283 source files
[Info  - 10:35:28 PM] Background analysis(1) root directory: /home/skywalker/.vscode/extensions/ms-python.vscode-pylance-2021.11.0/dist
[Info  - 10:35:28 PM] Background analysis(1) started
[Info  - 10:36:06 PM] Searching for source files
[Info  - 10:36:07 PM] Found 5449 source files
[Info  - 10:36:11 PM] Searching for source files
[Info  - 10:36:12 PM] Found 5449 source files
[Info  - 10:36:19 PM] Searching for source files
[Info  - 10:36:20 PM] Found 5449 source files
[Info  - 10:36:38 PM] Searching for source files
[Info  - 10:36:39 PM] Found 5449 source files
[Info  - 10:37:12 PM] Searching for source files
[Info  - 10:37:13 PM] Found 5283 source files
[Info  - 10:38:04 PM] Searching for source files
[Info  - 10:38:05 PM] Found 5449 source files
[Info  - 10:38:13 PM] Searching for source files
[Info  - 10:38:14 PM] Found 5283 source files
[Info  - 10:38:40 PM] Searching for source files
[Info  - 10:38:41 PM] Found 5449 source files
[Info  - 10:39:12 PM] Searching for source files
[Info  - 10:39:12 PM] Found 5449 source files
[Info  - 10:40:09 PM] Searching for source files
[Info  - 10:40:10 PM] Found 5449 source files
[Info  - 10:40:11 PM] Searching for source files
[Info  - 10:40:12 PM] Found 5449 source files
[Info  - 10:42:28 PM] Searching for source files
[Info  - 10:42:30 PM] Found 5449 source files
[Info  - 10:43:11 PM] Searching for source files
[Info  - 10:43:12 PM] Found 5449 source files
[Info  - 10:43:54 PM] Searching for source files
[Info  - 10:43:55 PM] Found 5449 source files
[Info  - 10:44:12 PM] Searching for source files
[Info  - 10:44:13 PM] Found 5449 source files
[Info  - 10:45:12 PM] Searching for source files
[Info  - 10:45:12 PM] Found 5449 source files
[Info  - 10:46:12 PM] Searching for source files
[Info  - 10:46:12 PM] Found 5449 source files
[Info  - 10:47:12 PM] Searching for source files
[Info  - 10:47:13 PM] Found 5449 source files
[Info  - 10:48:03 PM] Searching for source files
[Info  - 10:48:04 PM] Found 5449 source files
[Info  - 10:48:14 PM] Searching for source files
[Info  - 10:48:14 PM] Found 5283 source files
[Info  - 10:49:12 PM] Searching for source files
[Info  - 10:49:13 PM] Found 5449 source files
[Info  - 10:49:21 PM] Searching for source files
[Info  - 10:49:22 PM] Found 5449 source files
[Info  - 10:50:12 PM] Searching for source files
[Info  - 10:50:12 PM] Found 5449 source files
[Info  - 10:51:12 PM] Searching for source files
[Info  - 10:51:13 PM] Found 5283 source files
[Info  - 10:52:12 PM] Searching for source files
[Info  - 10:52:13 PM] Found 5283 source files
[Info  - 10:52:38 PM] Searching for source files
[Info  - 10:52:39 PM] Found 5449 source files
[Info  - 10:53:12 PM] Searching for source files
[Info  - 10:53:12 PM] Found 5449 source files
[Info  - 10:54:12 PM] Searching for source files
[Info  - 10:54:12 PM] Found 5449 source files
[Info  - 10:55:00 PM] Searching for source files
[Info  - 10:55:00 PM] Found 5449 source files
[Info  - 10:55:05 PM] Searching for source files
[Info  - 10:55:06 PM] Found 5449 source files
[Info  - 10:55:09 PM] Searching for source files
[Info  - 10:55:10 PM] Found 5449 source files
[Info  - 10:55:12 PM] Searching for source files
[Info  - 10:55:12 PM] Found 5449 source files
[Info  - 10:55:32 PM] Searching for source files
[Info  - 10:55:33 PM] Found 5449 source files
[Info  - 10:55:54 PM] Searching for source files
[Info  - 10:55:55 PM] Found 5449 source files
[Info  - 10:56:12 PM] Searching for source files
[Info  - 10:56:12 PM] Found 5449 source files
[Info  - 10:56:40 PM] Searching for source files
[Info  - 10:56:41 PM] Found 5449 source files
[Info  - 10:56:41 PM] Searching for source files
[Info  - 10:56:42 PM] Found 5449 source files
[Info  - 10:56:46 PM] Searching for source files
[Info  - 10:56:47 PM] Found 5449 source files
[Info  - 10:56:47 PM] Searching for source files
[Info  - 10:56:48 PM] Found 5449 source files
[Info  - 10:57:12 PM] Searching for source files
[Info  - 10:57:13 PM] Found 5449 source files
[Info  - 10:58:12 PM] Searching for source files
[Info  - 10:58:13 PM] Found 5449 source files
[Info  - 10:58:23 PM] Searching for source files
[Info  - 10:58:24 PM] Found 5449 source files
[Info  - 10:58:26 PM] Searching for source files
[Info  - 10:58:26 PM] Found 5449 source files
[Info  - 10:59:00 PM] Searching for source files
[Info  - 10:59:01 PM] Found 5449 source files
[Info  - 10:59:12 PM] Searching for source files
[Info  - 10:59:13 PM] Found 5449 source files
[Info  - 11:00:12 PM] Searching for source files
[Info  - 11:00:13 PM] Found 5449 source files
[Info  - 11:00:50 PM] Searching for source files
[Info  - 11:00:51 PM] Found 5449 source files
[Info  - 11:01:12 PM] Searching for source files
[Info  - 11:01:13 PM] Found 5449 source files
[Info  - 11:01:44 PM] Searching for source files
[Info  - 11:01:44 PM] Found 5449 source files
[Info  - 11:02:12 PM] Searching for source files
[Info  - 11:02:13 PM] Found 5449 source files
[Info  - 11:08:12 PM] Searching for source files
[Info  - 11:08:13 PM] Found 5449 source files
[Info  - 11:09:12 PM] Searching for source files
[Info  - 11:09:13 PM] Found 5449 source files
[Info  - 11:10:13 PM] Searching for source files
[Info  - 11:10:13 PM] Found 5449 source files
[Info  - 11:11:13 PM] Searching for source files
[Info  - 11:11:14 PM] Found 5449 source files
[Info  - 11:12:13 PM] Searching for source files
[Info  - 11:12:14 PM] Found 5449 source files
[Info  - 11:13:13 PM] Searching for source files
[Info  - 11:13:14 PM] Found 5449 source files
[Info  - 11:14:13 PM] Searching for source files
[Info  - 11:14:14 PM] Found 5449 source files
[Info  - 11:15:13 PM] Searching for source files
[Info  - 11:15:14 PM] Found 5449 source files
[Info  - 11:15:57 PM] Searching for source files
[Info  - 11:15:58 PM] Found 5449 source files
[Info  - 11:16:13 PM] Searching for source files
[Info  - 11:16:14 PM] Found 5449 source files
[Info  - 11:16:33 PM] Searching for source files
[Info  - 11:16:34 PM] Found 5449 source files
[Info  - 11:17:13 PM] Searching for source files
[Info  - 11:17:13 PM] Found 5449 source files
[Info  - 11:17:26 PM] Searching for source files
[Info  - 11:17:27 PM] Found 5449 source files
[Info  - 11:18:13 PM] Searching for source files
[Info  - 11:18:14 PM] Found 5449 source files
[Info  - 11:19:13 PM] Searching for source files
[Info  - 11:19:14 PM] Found 5449 source files
[Info  - 11:19:18 PM] Searching for source files
[Info  - 11:19:19 PM] Found 5449 source files
[Info  - 11:19:23 PM] Searching for source files
[Info  - 11:19:24 PM] Found 5449 source files
[Info  - 11:19:57 PM] Searching for source files
[Info  - 11:19:58 PM] Found 5449 source files
[Info  - 11:20:13 PM] Searching for source files
[Info  - 11:20:13 PM] Found 5449 source files
[Info  - 11:21:13 PM] Searching for source files
[Info  - 11:21:14 PM] Found 5449 source files
[Info  - 11:21:48 PM] Searching for source files
[Info  - 11:21:49 PM] Found 5449 source files
[Info  - 11:22:13 PM] Searching for source files
[Info  - 11:22:14 PM] Found 5449 source files
[Info  - 11:23:09 PM] Searching for source files
[Info  - 11:23:10 PM] Found 5449 source files
[Info  - 11:23:13 PM] Searching for source files
[Info  - 11:23:13 PM] Found 5449 source files
[Info  - 11:24:13 PM] Searching for source files
[Info  - 11:24:14 PM] Found 5449 source files
[Info  - 11:25:14 PM] Searching for source files
[Info  - 11:25:14 PM] Found 5449 source files
[Info  - 11:26:13 PM] Searching for source files
[Info  - 11:26:14 PM] Found 5283 source files
[Info  - 11:27:13 PM] Searching for source files
[Info  - 11:27:14 PM] Found 5449 source files
[Info  - 11:27:34 PM] Searching for source files
[Info  - 11:27:35 PM] Found 5449 source files
[Info  - 11:28:11 PM] Searching for source files
[Info  - 11:28:12 PM] Found 5449 source files
[Info  - 11:28:13 PM] Searching for source files
[Info  - 11:28:14 PM] Found 5449 source files
[Info  - 11:29:13 PM] Searching for source files
[Info  - 11:29:14 PM] Found 5449 source files
[Info  - 11:30:13 PM] Searching for source files
[Info  - 11:30:14 PM] Found 5449 source files
[Info  - 11:31:13 PM] Searching for source files
[Info  - 11:31:14 PM] Found 5449 source files
[Info  - 11:32:13 PM] Searching for source files
[Info  - 11:32:14 PM] Found 5449 source files
[Info  - 11:32:56 PM] Searching for source files
[Info  - 11:32:58 PM] Found 5449 source files
[Info  - 11:33:13 PM] Searching for source files
[Info  - 11:33:14 PM] Found 5449 source files
[Info  - 11:33:30 PM] Searching for source files
[Info  - 11:33:31 PM] Found 5449 source files
[Info  - 11:33:31 PM] Searching for source files
[Info  - 11:33:32 PM] Found 5449 source files
[Info  - 11:34:13 PM] Searching for source files
[Info  - 11:34:14 PM] Found 5449 source files
[Info  - 11:34:28 PM] Searching for source files
[Info  - 11:34:30 PM] Found 5449 source files
[Info  - 11:43:36 PM] Searching for source files
[Info  - 11:43:37 PM] Found 5449 source files
[Info  - 11:45:41 PM] Searching for source files
[Info  - 11:45:43 PM] Found 5449 source files
[Info  - 11:45:53 PM] Searching for source files
[Info  - 11:45:54 PM] Found 5449 source files
[Info  - 11:46:14 PM] Searching for source files
[Info  - 11:46:15 PM] Found 5449 source files
