[2021-11-04 17:43:44.183] [exthost] [info] extension host started
[2021-11-04 17:43:44.183] [exthost] [info] Skipping acquiring lock for /home/skywalker/.config/Code/User/workspaceStorage/0cb9f0b78f44695a7e3e4d5466b2c2ef.
[2021-11-04 17:43:45.297] [exthost] [info] ExtensionService#_doActivateExtension vscode.microsoft-authentication, startup: false, activationEvent: 'onAuthenticationRequest:microsoft'
[2021-11-04 17:43:45.298] [exthost] [info] ExtensionService#loadCommonJSModule file:///usr/share/code/resources/app/extensions/microsoft-authentication/dist/extension.js
[2021-11-04 17:43:45.388] [exthost] [info] ExtensionService#_doActivateExtension ms-python.python, startup: false, activationEvent: 'onLanguage:python', root cause: ms-python.vscode-pylance
[2021-11-04 17:43:45.388] [exthost] [info] ExtensionService#loadCommonJSModule file:///home/skywalker/.vscode/extensions/ms-python.python-2021.11.1422169775/out/client/extension
[2021-11-04 17:43:47.003] [exthost] [info] ExtensionService#_doActivateExtension ms-toolsai.jupyter, startup: false, activationEvent: 'onLanguage:python'
[2021-11-04 17:43:47.013] [exthost] [info] ExtensionService#loadCommonJSModule file:///home/skywalker/.vscode/extensions/ms-toolsai.jupyter-2021.9.1101343141/out/client/extension
[2021-11-04 17:43:47.835] [exthost] [info] ExtensionService#_doActivateExtension vscode.debug-auto-launch, startup: true, activationEvent: '*'
[2021-11-04 17:43:47.835] [exthost] [info] ExtensionService#loadCommonJSModule file:///usr/share/code/resources/app/extensions/debug-auto-launch/dist/extension
[2021-11-04 17:43:47.843] [exthost] [info] ExtensionService#_doActivateExtension vscode.git, startup: true, activationEvent: '*', root cause: vscode.github
[2021-11-04 17:43:47.843] [exthost] [info] ExtensionService#loadCommonJSModule file:///usr/share/code/resources/app/extensions/git/dist/main
[2021-11-04 17:43:49.596] [exthost] [info] ExtensionService#_doActivateExtension ms-toolsai.jupyter-renderers, startup: false, activationEvent: 'api', root cause: ms-toolsai.jupyter
[2021-11-04 17:43:49.596] [exthost] [info] ExtensionService#loadCommonJSModule file:///home/skywalker/.vscode/extensions/ms-toolsai.jupyter-renderers-1.0.3/out/extension_renderer/index.js
[2021-11-04 17:43:49.784] [exthost] [info] ExtensionService#_doActivateExtension vscode.github, startup: true, activationEvent: '*'
[2021-11-04 17:43:49.785] [exthost] [info] ExtensionService#loadCommonJSModule file:///usr/share/code/resources/app/extensions/github/dist/extension.js
[2021-11-04 17:43:50.462] [exthost] [info] eager extensions activated
[2021-11-04 17:43:50.893] [exthost] [info] ExtensionService#_doActivateExtension ms-vscode.js-debug, startup: false, activationEvent: 'onCommand:extension.js-debug.clearAutoAttachVariables'
[2021-11-04 17:43:50.894] [exthost] [info] ExtensionService#loadCommonJSModule file:///usr/share/code/resources/app/extensions/ms-vscode.js-debug/src/extension.js
[2021-11-04 17:43:51.648] [exthost] [info] ExtensionService#_doActivateExtension vscode.emmet, startup: false, activationEvent: 'onStartupFinished'
[2021-11-04 17:43:51.648] [exthost] [info] ExtensionService#loadCommonJSModule file:///usr/share/code/resources/app/extensions/emmet/dist/node/emmetNodeMain
[2021-11-04 17:43:51.730] [exthost] [info] ExtensionService#_doActivateExtension vscode.merge-conflict, startup: false, activationEvent: 'onStartupFinished'
[2021-11-04 17:43:51.731] [exthost] [info] ExtensionService#loadCommonJSModule file:///usr/share/code/resources/app/extensions/merge-conflict/dist/mergeConflictMain
[2021-11-04 17:43:51.740] [exthost] [info] ExtensionService#_doActivateExtension ms-python.vscode-pylance, startup: false, activationEvent: 'onLanguage:python'
[2021-11-04 17:43:51.741] [exthost] [info] ExtensionService#loadCommonJSModule file:///home/skywalker/.vscode/extensions/ms-python.vscode-pylance-2021.11.0/dist/extension.bundle.js
[2021-11-04 17:43:53.679] [exthost] [warning] [Decorations] CAPPING events from decorations provider vscode.git 5804
[2021-11-04 17:43:56.627] [exthost] [info] ExtensionService#_doActivateExtension vscode.github-authentication, startup: false, activationEvent: 'onAuthenticationRequest:github'
[2021-11-04 17:43:56.628] [exthost] [info] ExtensionService#loadCommonJSModule file:///usr/share/code/resources/app/extensions/github-authentication/dist/extension.js
[2021-11-04 17:44:02.743] [exthost] [error] [ms-python.python] provider FAILED
[2021-11-04 17:44:02.770] [exthost] [error] Canceled: Canceled
	at S.makeCancelError (/home/skywalker/.vscode/extensions/ms-python.python-2021.11.1422169775/out/client/extension.js:9:151015)
	at S.handleFailedRequest (/home/skywalker/.vscode/extensions/ms-python.python-2021.11.1422169775/out/client/extension.js:9:150866)
	at /home/skywalker/.vscode/extensions/ms-python.python-2021.11.1422169775/out/client/extension.js:9:118727
	at async T.provideCodeActions (/usr/share/code/resources/app/out/vs/workbench/services/extensions/node/extensionHostProcess.js:94:172403)
[2021-11-04 17:44:03.650] [exthost] [warning] [Decorations] CAPPING events from decorations provider vscode.git 5812
[2021-11-04 17:44:14.828] [exthost] [warning] [Decorations] CAPPING events from decorations provider vscode.git 5813
[2021-11-04 17:44:31.697] [exthost] [warning] [Decorations] CAPPING events from decorations provider vscode.git 5813
[2021-11-04 17:44:43.104] [exthost] [warning] [Decorations] CAPPING events from decorations provider vscode.git 5813
[2021-11-04 17:44:51.849] [exthost] [warning] [Decorations] CAPPING events from decorations provider vscode.git 5813
[2021-11-04 17:45:01.489] [exthost] [warning] [Decorations] CAPPING events from decorations provider vscode.git 5813
[2021-11-04 17:45:11.148] [exthost] [warning] [Decorations] CAPPING events from decorations provider vscode.git 5813
[2021-11-04 17:45:28.169] [exthost] [warning] [Decorations] CAPPING events from decorations provider vscode.git 5813
[2021-11-04 17:45:37.618] [exthost] [warning] [Decorations] CAPPING events from decorations provider vscode.git 5813
[2021-11-04 17:45:46.682] [exthost] [warning] [Decorations] CAPPING events from decorations provider vscode.git 5813
[2021-11-04 17:45:55.670] [exthost] [warning] [Decorations] CAPPING events from decorations provider vscode.git 5813
[2021-11-04 17:46:04.668] [exthost] [warning] [Decorations] CAPPING events from decorations provider vscode.git 5813
[2021-11-04 17:46:39.271] [exthost] [warning] [Decorations] CAPPING events from decorations provider vscode.git 5813
[2021-11-04 17:46:49.000] [exthost] [warning] [Decorations] CAPPING events from decorations provider vscode.git 5813
[2021-11-04 17:46:58.459] [exthost] [warning] [Decorations] CAPPING events from decorations provider vscode.git 5813
[2021-11-04 17:47:07.812] [exthost] [warning] [Decorations] CAPPING events from decorations provider vscode.git 5813
[2021-11-04 17:47:17.003] [exthost] [warning] [Decorations] CAPPING events from decorations provider vscode.git 5813
[2021-11-04 17:47:26.303] [exthost] [warning] [Decorations] CAPPING events from decorations provider vscode.git 5813
[2021-11-04 17:47:35.707] [exthost] [warning] [Decorations] CAPPING events from decorations provider vscode.git 5813
[2021-11-04 17:47:45.095] [exthost] [warning] [Decorations] CAPPING events from decorations provider vscode.git 5813
[2021-11-04 17:47:54.300] [exthost] [warning] [Decorations] CAPPING events from decorations provider vscode.git 5813
[2021-11-04 17:48:03.414] [exthost] [warning] [Decorations] CAPPING events from decorations provider vscode.git 5813
[2021-11-04 17:48:12.744] [exthost] [warning] [Decorations] CAPPING events from decorations provider vscode.git 5813
[2021-11-04 17:48:21.956] [exthost] [warning] [Decorations] CAPPING events from decorations provider vscode.git 5813
[2021-11-04 17:48:31.305] [exthost] [warning] [Decorations] CAPPING events from decorations provider vscode.git 5813
[2021-11-04 17:48:40.718] [exthost] [warning] [Decorations] CAPPING events from decorations provider vscode.git 5813
[2021-11-04 17:48:50.058] [exthost] [warning] [Decorations] CAPPING events from decorations provider vscode.git 5813
[2021-11-04 17:48:59.541] [exthost] [warning] [Decorations] CAPPING events from decorations provider vscode.git 5813
[2021-11-04 17:49:09.162] [exthost] [warning] [Decorations] CAPPING events from decorations provider vscode.git 5813
[2021-11-04 17:49:18.451] [exthost] [warning] [Decorations] CAPPING events from decorations provider vscode.git 5813
[2021-11-04 17:49:27.787] [exthost] [warning] [Decorations] CAPPING events from decorations provider vscode.git 5813
[2021-11-04 17:49:36.965] [exthost] [warning] [Decorations] CAPPING events from decorations provider vscode.git 5813
[2021-11-04 17:49:46.391] [exthost] [warning] [Decorations] CAPPING events from decorations provider vscode.git 5813
[2021-11-04 17:49:55.636] [exthost] [warning] [Decorations] CAPPING events from decorations provider vscode.git 5813
[2021-11-04 17:50:05.049] [exthost] [warning] [Decorations] CAPPING events from decorations provider vscode.git 5813
[2021-11-04 17:50:14.233] [exthost] [warning] [Decorations] CAPPING events from decorations provider vscode.git 5813
[2021-11-04 17:50:23.538] [exthost] [warning] [Decorations] CAPPING events from decorations provider vscode.git 5813
[2021-11-04 17:50:32.840] [exthost] [warning] [Decorations] CAPPING events from decorations provider vscode.git 5813
[2021-11-04 17:50:42.487] [exthost] [warning] [Decorations] CAPPING events from decorations provider vscode.git 5813
[2021-11-04 17:51:35.148] [exthost] [warning] [Decorations] CAPPING events from decorations provider vscode.git 5813
[2021-11-04 17:51:44.967] [exthost] [warning] [Decorations] CAPPING events from decorations provider vscode.git 5813
[2021-11-04 17:51:54.277] [exthost] [warning] [Decorations] CAPPING events from decorations provider vscode.git 5813
[2021-11-04 17:52:03.484] [exthost] [warning] [Decorations] CAPPING events from decorations provider vscode.git 5813
[2021-11-04 17:52:12.719] [exthost] [warning] [Decorations] CAPPING events from decorations provider vscode.git 5813
[2021-11-04 17:52:21.835] [exthost] [warning] [Decorations] CAPPING events from decorations provider vscode.git 5813
[2021-11-04 17:52:31.172] [exthost] [warning] [Decorations] CAPPING events from decorations provider vscode.git 5813
[2021-11-04 17:52:40.593] [exthost] [warning] [Decorations] CAPPING events from decorations provider vscode.git 5813
[2021-11-04 17:52:50.011] [exthost] [warning] [Decorations] CAPPING events from decorations provider vscode.git 5813
[2021-11-04 17:52:59.284] [exthost] [warning] [Decorations] CAPPING events from decorations provider vscode.git 5813
[2021-11-04 17:53:08.630] [exthost] [warning] [Decorations] CAPPING events from decorations provider vscode.git 5813
[2021-11-04 17:53:17.899] [exthost] [warning] [Decorations] CAPPING events from decorations provider vscode.git 5813
[2021-11-04 17:53:27.135] [exthost] [warning] [Decorations] CAPPING events from decorations provider vscode.git 5813
[2021-11-04 17:53:36.642] [exthost] [warning] [Decorations] CAPPING events from decorations provider vscode.git 5813
[2021-11-04 17:53:48.143] [exthost] [warning] [Decorations] CAPPING events from decorations provider vscode.git 5813
[2021-11-04 17:54:02.285] [exthost] [warning] [Decorations] CAPPING events from decorations provider vscode.git 5813
[2021-11-04 17:54:17.756] [exthost] [warning] [Decorations] CAPPING events from decorations provider vscode.git 5813
[2021-11-04 17:54:29.137] [exthost] [warning] [Decorations] CAPPING events from decorations provider vscode.git 5813
[2021-11-04 17:54:38.896] [exthost] [warning] [Decorations] CAPPING events from decorations provider vscode.git 5813
[2021-11-04 17:54:48.436] [exthost] [warning] [Decorations] CAPPING events from decorations provider vscode.git 5813
[2021-11-04 17:54:58.302] [exthost] [warning] [Decorations] CAPPING events from decorations provider vscode.git 5813
[2021-11-04 17:55:07.905] [exthost] [warning] [Decorations] CAPPING events from decorations provider vscode.git 5813
[2021-11-04 17:55:17.607] [exthost] [warning] [Decorations] CAPPING events from decorations provider vscode.git 5813
[2021-11-04 17:55:27.370] [exthost] [warning] [Decorations] CAPPING events from decorations provider vscode.git 5813
[2021-11-04 17:55:37.295] [exthost] [warning] [Decorations] CAPPING events from decorations provider vscode.git 5813
[2021-11-04 17:55:46.931] [exthost] [warning] [Decorations] CAPPING events from decorations provider vscode.git 5813
[2021-11-04 17:55:56.818] [exthost] [warning] [Decorations] CAPPING events from decorations provider vscode.git 5813
[2021-11-04 17:56:06.541] [exthost] [warning] [Decorations] CAPPING events from decorations provider vscode.git 5813
[2021-11-04 17:56:16.853] [exthost] [warning] [Decorations] CAPPING events from decorations provider vscode.git 5813
[2021-11-04 17:56:27.115] [exthost] [warning] [Decorations] CAPPING events from decorations provider vscode.git 5813
[2021-11-04 17:56:37.032] [exthost] [warning] [Decorations] CAPPING events from decorations provider vscode.git 5813
[2021-11-04 17:56:46.988] [exthost] [warning] [Decorations] CAPPING events from decorations provider vscode.git 5813
[2021-11-04 17:56:56.404] [exthost] [warning] [Decorations] CAPPING events from decorations provider vscode.git 5813
[2021-11-04 17:57:37.944] [exthost] [warning] [Decorations] CAPPING events from decorations provider vscode.git 5813
[2021-11-04 17:57:42.500] [exthost] [info] extension host terminating: renderer closed the socket
[2021-11-04 17:57:43.557] [exthost] [info] exiting with code 0
