[Info  - 21:43:56.758] Reading sessions from keychain...
[Info  - 21:43:56.849] Getting sessions for all scopes...
[Error  - 21:43:56.931] Getting token failed: Error: The name org.freedesktop.secrets was not provided by any .service files
[Info  - 21:43:57.35] Getting sessions for all scopes...
[Info  - 21:43:57.37] Got 0 sessions for all scopes...
[Info  - 21:43:57.37] Got 0 sessions for all scopes...
[Info  - 21:46:08.699] Getting sessions for repo,workflow...
[Info  - 21:46:08.700] Got 0 sessions for repo,workflow...
[Info  - 21:46:11.360] Logging in for the following scopes: repo workflow
[Trace  - 21:46:38.295] Handling Uri...
[Info  - 21:46:38.296] Exchanging code for token...
[Info  - 21:46:43.690] Token exchange success!
[Info  - 21:46:43.694] Getting user info...
[Info  - 21:46:44.588] Got account info!
[Info  - 21:46:44.590] Storing 1 sessions...
[Error  - 21:46:45.290] Setting token failed: Error: The name org.freedesktop.secrets was not provided by any .service files
[Info  - 21:53:41.810] Stored 1 sessions!
[Info  - 21:53:41.812] Login success!
[Info  - 21:53:42.286] Getting sessions for all scopes...
[Info  - 21:53:42.290] Got 1 sessions for all scopes...
