[Info  - 20:35:34.913] Reading sessions from keychain...
[Info  - 20:35:35.460] Getting sessions for all scopes...
[Error  - 20:35:35.460] Getting token failed: Error: The name org.freedesktop.secrets was not provided by any .service files
[Info  - 20:35:36.27] Got 0 sessions for all scopes...
[Info  - 20:35:36.114] Getting sessions for all scopes...
[Info  - 20:35:36.114] Got 0 sessions for all scopes...
[Info  - 22:34:59.266] Getting sessions for repo,workflow...
[Info  - 22:34:59.266] Got 0 sessions for repo,workflow...
[Info  - 22:35:00.730] Logging in for the following scopes: repo workflow
[Trace  - 22:35:09.526] Handling Uri...
[Info  - 22:35:09.527] Exchanging code for token...
[Info  - 22:35:10.893] Token exchange success!
[Info  - 22:35:10.903] Getting user info...
[Info  - 22:35:11.626] Got account info!
[Info  - 22:35:11.628] Storing 1 sessions...
[Error  - 22:35:12.544] Setting token failed: Error: The name org.freedesktop.secrets was not provided by any .service files
[Info  - 22:35:15.149] Stored 1 sessions!
[Info  - 22:35:15.151] Login success!
[Info  - 22:35:15.210] Getting sessions for all scopes...
[Info  - 22:35:15.211] Got 1 sessions for all scopes...
[Trace  - 22:35:24.963] Handling Uri...
