[Info  - 20:01:34.367] Reading sessions from keychain...
[Info  - 20:01:34.519] Getting sessions for all scopes...
[Info  - 20:01:34.528] Getting sessions for all scopes...
[Error  - 20:01:34.532] Getting token failed: Error: The name org.freedesktop.secrets was not provided by any .service files
[Info  - 20:01:34.797] Got 0 sessions for all scopes...
[Info  - 20:01:34.797] Got 0 sessions for all scopes...
[Info  - 20:57:47.634] Getting sessions for repo,workflow...
[Info  - 20:57:47.635] Got 0 sessions for repo,workflow...
[Info  - 20:57:53.202] Logging in for the following scopes: repo workflow
[Trace  - 20:58:18.26] Handling Uri...
[Info  - 20:58:18.44] Exchanging code for token...
[Info  - 20:58:18.960] Token exchange success!
[Info  - 20:58:18.963] Getting user info...
[Info  - 20:58:19.489] Got account info!
[Info  - 20:58:19.489] Storing 1 sessions...
[Error  - 20:58:20.230] Setting token failed: Error: The name org.freedesktop.secrets was not provided by any .service files
[Info  - 20:58:44.647] Stored 1 sessions!
[Info  - 20:58:44.650] Login success!
[Info  - 20:58:44.698] Getting sessions for all scopes...
[Info  - 20:58:44.700] Got 1 sessions for all scopes...
[Info  - 21:02:53.653] Getting sessions for repo,workflow...
[Info  - 21:02:53.654] Got 1 sessions for repo,workflow...
[Info  - 21:03:39.481] Getting sessions for repo,workflow...
[Info  - 21:03:39.481] Got 1 sessions for repo,workflow...
[Info  - 21:06:03.981] Getting sessions for repo,workflow...
[Info  - 21:06:03.981] Got 1 sessions for repo,workflow...
[Info  - 21:06:33.421] Getting sessions for repo,workflow...
[Info  - 21:06:33.428] Got 1 sessions for repo,workflow...
[Info  - 21:08:05.913] Getting sessions for repo,workflow...
[Info  - 21:08:05.914] Got 1 sessions for repo,workflow...
[Info  - 21:12:54.108] Getting sessions for repo,workflow...
[Info  - 21:12:54.110] Got 1 sessions for repo,workflow...
