[Info  - 8:36:10 AM] Pylance language server 2021.11.0 (pyright fb86eac6) starting
[Info  - 8:36:10 AM] Server root directory: /home/skywalker/.vscode/extensions/ms-python.vscode-pylance-2021.11.0/dist
[Info  - 8:36:10 AM] No configuration file found.
[Info  - 8:36:10 AM] No pyproject.toml file found.
[Info  - 8:36:10 AM] Setting pythonPath for service "skywalker": "/usr/bin/python3"
[Warn  - 8:36:10 AM] stubPath /home/skywalker/typings is not a valid directory.
[Info  - 8:36:11 AM] Assuming Python version 3.7
[Info  - 8:36:11 AM] Assuming Python platform Linux
[Warn  - 8:36:13 AM] Exception received when installing file system watcher: TypeError [ERR_FEATURE_UNAVAILABLE_ON_PLATFORM]: The feature watch recursively is unavailable on the current platform, which is being used to run Node.js
[Warn  - 8:36:13 AM] Exception received when installing file system watcher: TypeError [ERR_FEATURE_UNAVAILABLE_ON_PLATFORM]: The feature watch recursively is unavailable on the current platform, which is being used to run Node.js
[Warn  - 8:36:13 AM] Exception received when installing file system watcher: TypeError [ERR_FEATURE_UNAVAILABLE_ON_PLATFORM]: The feature watch recursively is unavailable on the current platform, which is being used to run Node.js
[Warn  - 8:36:13 AM] Exception received when installing file system watcher: TypeError [ERR_FEATURE_UNAVAILABLE_ON_PLATFORM]: The feature watch recursively is unavailable on the current platform, which is being used to run Node.js
[Info  - 8:36:13 AM] Searching for source files
[Info  - 8:36:15 AM] Found 5282 source files
[Info  - 8:36:16 AM] Background analysis(1) root directory: /home/skywalker/.vscode/extensions/ms-python.vscode-pylance-2021.11.0/dist
[Info  - 8:36:16 AM] Background analysis(1) started
[Info  - 8:36:51 AM] Searching for source files
[Info  - 8:36:52 AM] Found 5448 source files
[Info  - 8:36:55 AM] Searching for source files
[Info  - 8:36:55 AM] Found 5448 source files
[Info  - 8:37:36 AM] Searching for source files
[Info  - 8:37:37 AM] Found 5448 source files
[Info  - 8:37:51 AM] Searching for source files
[Info  - 8:37:51 AM] Found 5448 source files
[Info  - 8:39:51 AM] Searching for source files
[Info  - 8:39:52 AM] Found 5448 source files
[Info  - 8:40:51 AM] Searching for source files
[Info  - 8:40:52 AM] Found 5282 source files
[Info  - 8:41:01 AM] Searching for source files
[Info  - 8:41:01 AM] Found 5448 source files
[Info  - 8:41:51 AM] Searching for source files
[Info  - 8:41:52 AM] Found 5448 source files
[Info  - 8:42:01 AM] Searching for source files
[Info  - 8:42:02 AM] Found 5448 source files
[Info  - 8:42:51 AM] Searching for source files
[Info  - 8:42:52 AM] Found 5448 source files
[Info  - 8:43:06 AM] Searching for source files
[Info  - 8:43:06 AM] Found 5448 source files
[Info  - 8:43:20 AM] Searching for source files
[Info  - 8:43:21 AM] Found 5448 source files
[Info  - 8:43:50 AM] Searching for source files
[Info  - 8:43:51 AM] Found 5448 source files
[Info  - 8:43:52 AM] Searching for source files
[Info  - 8:43:53 AM] Found 5282 source files
[Info  - 8:44:51 AM] Searching for source files
[Info  - 8:44:52 AM] Found 5448 source files
[Info  - 8:45:51 AM] Searching for source files
[Info  - 8:45:52 AM] Found 5448 source files
[Info  - 8:46:51 AM] Searching for source files
[Info  - 8:46:52 AM] Found 5448 source files
[Info  - 8:47:51 AM] Searching for source files
[Info  - 8:47:52 AM] Found 5448 source files
[Info  - 8:49:36 AM] Searching for source files
[Info  - 8:49:36 AM] Found 5448 source files
[Info  - 8:49:51 AM] Searching for source files
[Info  - 8:49:52 AM] Found 5448 source files
[Info  - 8:50:51 AM] Searching for source files
[Info  - 8:50:52 AM] Found 5448 source files
[Info  - 8:51:51 AM] Searching for source files
[Info  - 8:51:52 AM] Found 5448 source files
[Info  - 8:51:55 AM] Searching for source files
[Info  - 8:51:56 AM] Found 5448 source files
[Info  - 8:52:51 AM] Searching for source files
[Info  - 8:52:52 AM] Found 5282 source files
[Info  - 8:53:51 AM] Searching for source files
[Info  - 8:53:52 AM] Found 5448 source files
[Info  - 8:54:51 AM] Searching for source files
[Info  - 8:54:52 AM] Found 5448 source files
[Info  - 8:55:51 AM] Searching for source files
[Info  - 8:55:52 AM] Found 5448 source files
[Info  - 8:56:13 AM] Searching for source files
[Info  - 8:56:13 AM] Found 5448 source files
[Info  - 8:56:51 AM] Searching for source files
[Info  - 8:56:52 AM] Found 5448 source files
[Info  - 9:02:54 AM] Searching for source files
[Info  - 9:02:55 AM] Found 5282 source files
[Info  - 9:03:37 AM] Searching for source files
[Info  - 9:03:38 AM] Found 5448 source files
[Info  - 9:03:52 AM] Searching for source files
[Info  - 9:03:52 AM] Found 5448 source files
[Info  - 9:04:52 AM] Searching for source files
[Info  - 9:04:53 AM] Found 5448 source files
[Info  - 9:05:52 AM] Searching for source files
[Info  - 9:05:53 AM] Found 5448 source files
[Info  - 9:05:59 AM] Searching for source files
[Info  - 9:06:00 AM] Found 5448 source files
[Info  - 9:06:52 AM] Searching for source files
[Info  - 9:06:53 AM] Found 5448 source files
[Info  - 9:07:52 AM] Searching for source files
[Info  - 9:07:53 AM] Found 5448 source files
[Info  - 9:08:12 AM] Searching for source files
[Info  - 9:08:13 AM] Found 5448 source files
[Info  - 9:08:52 AM] Searching for source files
[Info  - 9:08:52 AM] Found 5448 source files
[Info  - 9:09:52 AM] Searching for source files
[Info  - 9:09:53 AM] Found 5448 source files
[Info  - 9:10:45 AM] Searching for source files
[Info  - 9:10:45 AM] Found 5448 source files
[Info  - 9:10:52 AM] Searching for source files
[Info  - 9:10:53 AM] Found 5448 source files
[Info  - 9:11:05 AM] Searching for source files
[Info  - 9:11:05 AM] Found 5448 source files
[Info  - 9:11:52 AM] Searching for source files
[Info  - 9:11:53 AM] Found 5448 source files
[Info  - 9:14:30 AM] Searching for source files
[Info  - 9:14:32 AM] Found 5448 source files
[Info  - 9:14:32 AM] Searching for source files
[Info  - 9:14:33 AM] Found 5448 source files
[Info  - 9:14:34 AM] Searching for source files
[Info  - 9:14:35 AM] Found 5448 source files
[Info  - 9:14:52 AM] Searching for source files
[Info  - 9:14:53 AM] Found 5448 source files
[Info  - 9:16:52 AM] Searching for source files
[Info  - 9:16:53 AM] Found 5448 source files
[Info  - 9:17:52 AM] Searching for source files
[Info  - 9:17:53 AM] Found 5448 source files
[Info  - 9:18:26 AM] Searching for source files
[Info  - 9:18:27 AM] Found 5448 source files
[Info  - 9:18:30 AM] Searching for source files
[Info  - 9:18:31 AM] Found 5448 source files
[Info  - 9:18:31 AM] Searching for source files
[Info  - 9:18:31 AM] Found 5448 source files
[Info  - 9:18:52 AM] Searching for source files
[Info  - 9:18:53 AM] Found 5448 source files
[Info  - 9:19:37 AM] Searching for source files
[Info  - 9:19:38 AM] Found 5448 source files
[Info  - 9:19:40 AM] Searching for source files
[Info  - 9:19:41 AM] Found 5448 source files
[Info  - 9:19:41 AM] Searching for source files
[Info  - 9:19:42 AM] Found 5448 source files
[Info  - 9:19:52 AM] Searching for source files
[Info  - 9:19:53 AM] Found 5448 source files
[Info  - 9:23:36 AM] Searching for source files
[Info  - 9:23:38 AM] Found 5448 source files
[Info  - 9:23:38 AM] Searching for source files
[Info  - 9:23:39 AM] Found 5282 source files
[Info  - 9:23:39 AM] Searching for source files
[Info  - 9:23:40 AM] Found 5448 source files
[Info  - 9:24:24 AM] Searching for source files
[Info  - 9:24:25 AM] Found 5448 source files
[Info  - 9:24:52 AM] Searching for source files
[Info  - 9:24:53 AM] Found 5448 source files
[Info  - 9:25:52 AM] Searching for source files
[Info  - 9:25:53 AM] Found 5448 source files
[Info  - 9:26:43 AM] Searching for source files
[Info  - 9:26:44 AM] Found 5448 source files
[Info  - 9:26:45 AM] Searching for source files
[Info  - 9:26:47 AM] Found 5448 source files
[Info  - 9:26:47 AM] Searching for source files
[Info  - 9:26:48 AM] Found 5448 source files
[Info  - 9:26:52 AM] Searching for source files
[Info  - 9:26:53 AM] Found 5448 source files
[Info  - 9:27:28 AM] Searching for source files
[Info  - 9:27:29 AM] Found 5448 source files
[Info  - 9:27:35 AM] Searching for source files
[Info  - 9:27:36 AM] Found 5282 source files
[Info  - 9:27:52 AM] Searching for source files
[Info  - 9:27:53 AM] Found 5448 source files
[Info  - 9:28:52 AM] Searching for source files
[Info  - 9:28:53 AM] Found 5448 source files
[Info  - 9:29:25 AM] Searching for source files
[Info  - 9:29:26 AM] Found 5448 source files
[Info  - 9:29:53 AM] Searching for source files
[Info  - 9:29:54 AM] Found 5448 source files
[Info  - 9:33:49 AM] Searching for source files
[Info  - 9:33:50 AM] Found 5448 source files
[Info  - 9:33:50 AM] Searching for source files
[Info  - 9:33:51 AM] Found 5448 source files
[Info  - 9:33:53 AM] Searching for source files
[Info  - 9:33:53 AM] Found 5448 source files
[Info  - 9:34:10 AM] Searching for source files
[Info  - 9:34:11 AM] Found 5448 source files
[Info  - 9:34:16 AM] Searching for source files
[Info  - 9:34:16 AM] Found 5448 source files
[Info  - 9:34:42 AM] Searching for source files
[Info  - 9:34:43 AM] Found 5448 source files
[Info  - 9:34:52 AM] Searching for source files
[Info  - 9:34:52 AM] Found 5448 source files
[Info  - 9:34:57 AM] Searching for source files
[Info  - 9:34:58 AM] Found 5448 source files
[Info  - 9:35:02 AM] Searching for source files
[Info  - 9:35:02 AM] Found 5448 source files
[Info  - 9:40:41 AM] Searching for source files
[Info  - 9:40:42 AM] Found 5448 source files
