[Info  - 11:58:23.381] Reading sessions from keychain...
[Info  - 11:58:23.426] Getting sessions for all scopes...
[Error  - 11:58:23.460] Getting token failed: Error: The name org.freedesktop.secrets was not provided by any .service files
[Info  - 11:58:23.503] Got 0 sessions for all scopes...
[Info  - 11:58:23.554] Getting sessions for all scopes...
[Info  - 11:58:23.555] Got 0 sessions for all scopes...
[Info  - 11:58:27.149] Getting sessions for repo,workflow...
[Info  - 11:58:27.149] Got 0 sessions for repo,workflow...
[Info  - 11:58:31.352] Logging in for the following scopes: repo workflow
[Trace  - 11:58:49.141] Handling Uri...
[Info  - 11:58:49.141] Exchanging code for token...
[Info  - 11:58:50.474] Token exchange success!
[Info  - 11:58:50.482] Getting user info...
[Info  - 11:58:51.81] Got account info!
[Info  - 11:58:51.84] Storing 1 sessions...
[Error  - 11:58:51.792] Setting token failed: Error: The name org.freedesktop.secrets was not provided by any .service files
[Info  - 11:58:53.927] Stored 1 sessions!
[Info  - 11:58:53.927] Login success!
[Info  - 11:58:53.955] Getting sessions for all scopes...
[Info  - 11:58:53.955] Got 1 sessions for all scopes...
[Info  - 12:02:04.185] Getting sessions for repo,workflow...
[Info  - 12:02:04.186] Got 1 sessions for repo,workflow...
[Info  - 12:09:15.203] Getting sessions for repo,workflow...
[Info  - 12:09:15.204] Got 1 sessions for repo,workflow...
