[Info  - 02:35:23.709] Reading sessions from keychain...
[Info  - 02:35:23.977] Getting sessions for all scopes...
[Error  - 02:35:23.977] Getting token failed: Error: The name org.freedesktop.secrets was not provided by any .service files
[Info  - 02:35:24.180] Got 0 sessions for all scopes...
[Info  - 02:35:24.935] Getting sessions for all scopes...
[Info  - 02:35:24.935] Got 0 sessions for all scopes...
[Info  - 03:34:15.499] Getting sessions for repo,workflow...
[Info  - 03:34:15.501] Got 0 sessions for repo,workflow...
[Info  - 03:34:18.106] Logging in for the following scopes: repo workflow
[Trace  - 03:34:27.828] Handling Uri...
[Info  - 03:34:27.828] Exchanging code for token...
[Info  - 03:34:28.652] Token exchange success!
[Info  - 03:34:28.660] Getting user info...
[Info  - 03:34:29.289] Got account info!
[Info  - 03:34:29.315] Storing 1 sessions...
[Error  - 03:34:30.299] Setting token failed: Error: The name org.freedesktop.secrets was not provided by any .service files
[Info  - 03:43:36.50] Stored 1 sessions!
[Info  - 03:43:36.50] Login success!
[Info  - 03:43:36.114] Getting sessions for all scopes...
[Info  - 03:43:36.124] Got 1 sessions for all scopes...
[Info  - 03:46:59.892] Getting sessions for repo,workflow...
[Info  - 03:46:59.892] Got 1 sessions for repo,workflow...
