[2021-11-01 13:22:13.131] [sharedprocess] [warning] No ptyHost heartbeat after 6 seconds
[2021-11-01 13:22:17.143] [sharedprocess] [info] [logs cleanup]: Starting to clean up old logs.
[2021-11-01 13:22:37.145] [sharedprocess] [info] [code cache cleanup]: Starting to clean up old code cache folders.
[2021-11-01 13:22:37.148] [sharedprocess] [info] [storage cleanup]: Starting to clean up storage folders.
[2021-11-01 13:22:38.296] [sharedprocess] [info] Installing extension: ms-python.python
[2021-11-01 13:22:40.159] [sharedprocess] [info] Installing extension: ms-toolsai.jupyter
[2021-11-01 13:22:40.164] [sharedprocess] [info] Installing extension: ms-toolsai.jupyter-keymap
[2021-11-01 13:22:40.168] [sharedprocess] [info] Installing extension: ms-toolsai.jupyter-renderers
[2021-11-01 13:22:40.171] [sharedprocess] [info] Installing extension: ms-python.vscode-pylance
[2021-11-01 13:22:41.910] [sharedprocess] [info] Downloaded extension: ms-toolsai.jupyter-keymap /home/skywalker/.config/Code/CachedExtensionVSIXs/ms-toolsai.jupyter-keymap-1.0.0
[2021-11-01 13:22:43.176] [sharedprocess] [info] Extracted extension to /home/skywalker/.vscode/extensions/.2fb18a3c-7fae-4e18-9ea9-8c3bd9146004: ms-toolsai.jupyter-keymap
[2021-11-01 13:22:43.212] [sharedprocess] [info] Downloaded extension: ms-toolsai.jupyter-renderers /home/skywalker/.config/Code/CachedExtensionVSIXs/ms-toolsai.jupyter-renderers-1.0.3
[2021-11-01 13:22:43.223] [sharedprocess] [info] Renamed to /home/skywalker/.vscode/extensions/ms-toolsai.jupyter-keymap-1.0.0
[2021-11-01 13:22:43.311] [sharedprocess] [info] Extracting completed. ms-toolsai.jupyter-keymap
[2021-11-01 13:22:44.302] [sharedprocess] [info] Downloaded extension: ms-toolsai.jupyter /home/skywalker/.config/Code/CachedExtensionVSIXs/ms-toolsai.jupyter-2021.9.1101343141
[2021-11-01 13:22:44.455] [sharedprocess] [info] Downloaded extension: ms-python.python /home/skywalker/.config/Code/CachedExtensionVSIXs/ms-python.python-2021.10.1365161279
[2021-11-01 13:22:47.131] [sharedprocess] [info] [language pack cache cleanup]: Starting to clean up unused language packs.
[2021-11-01 13:22:48.192] [sharedprocess] [info] Extracted extension to /home/skywalker/.vscode/extensions/.9afffcb7-4b56-40e1-8dc2-d182fba605dd: ms-toolsai.jupyter-renderers
[2021-11-01 13:22:48.281] [sharedprocess] [info] Renamed to /home/skywalker/.vscode/extensions/ms-toolsai.jupyter-renderers-1.0.3
[2021-11-01 13:22:48.292] [sharedprocess] [info] Extracting completed. ms-toolsai.jupyter-renderers
[2021-11-01 13:22:54.552] [sharedprocess] [info] Extracted extension to /home/skywalker/.vscode/extensions/.e93a5d1d-2544-4009-acb7-609cb1a4a0fe: ms-toolsai.jupyter
[2021-11-01 13:22:54.624] [sharedprocess] [info] Renamed to /home/skywalker/.vscode/extensions/ms-toolsai.jupyter-2021.9.1101343141
[2021-11-01 13:22:54.670] [sharedprocess] [info] Extracting completed. ms-toolsai.jupyter
[2021-11-01 13:23:09.042] [sharedprocess] [info] Extracted extension to /home/skywalker/.vscode/extensions/.2ba89411-6435-4a8c-b3bc-28632156781a: ms-python.python
[2021-11-01 13:23:09.089] [sharedprocess] [info] Renamed to /home/skywalker/.vscode/extensions/ms-python.python-2021.10.1365161279
[2021-11-01 13:23:09.103] [sharedprocess] [info] Extracting completed. ms-python.python
[2021-11-01 13:23:12.137] [sharedprocess] [info] Downloaded extension: ms-python.vscode-pylance /home/skywalker/.config/Code/CachedExtensionVSIXs/ms-python.vscode-pylance-2021.10.3
[2021-11-01 13:23:36.045] [sharedprocess] [info] Extracted extension to /home/skywalker/.vscode/extensions/.31e318f7-94d2-4ff7-bb1f-e5766cd23f02: ms-python.vscode-pylance
[2021-11-01 13:23:36.083] [sharedprocess] [info] Renamed to /home/skywalker/.vscode/extensions/ms-python.vscode-pylance-2021.10.3
[2021-11-01 13:23:36.089] [sharedprocess] [info] Extracting completed. ms-python.vscode-pylance
[2021-11-01 13:23:36.112] [sharedprocess] [info] Extension installed successfully: ms-toolsai.jupyter-keymap
[2021-11-01 13:23:36.118] [sharedprocess] [info] Extension installed successfully: ms-toolsai.jupyter-renderers
[2021-11-01 13:23:36.119] [sharedprocess] [info] Extension installed successfully: ms-toolsai.jupyter
[2021-11-01 13:23:36.119] [sharedprocess] [info] Extension installed successfully: ms-python.python
[2021-11-01 13:23:36.120] [sharedprocess] [info] Extension installed successfully: ms-python.vscode-pylance
