[Info  - 16:30:45.628] Reading sessions from keychain...
[Info  - 16:30:45.654] Getting sessions for all scopes...
[Error  - 16:30:45.655] Getting token failed: Error: The name org.freedesktop.secrets was not provided by any .service files
[Info  - 16:30:45.659] Getting sessions for all scopes...
[Info  - 16:30:45.667] Got 0 sessions for all scopes...
[Info  - 16:30:45.667] Got 0 sessions for all scopes...
[Info  - 16:38:22.895] Getting sessions for repo,workflow...
[Info  - 16:38:22.895] Got 0 sessions for repo,workflow...
[Info  - 16:38:25.472] Logging in for the following scopes: repo workflow
[Trace  - 16:38:40.700] Handling Uri...
[Info  - 16:38:40.701] Exchanging code for token...
[Info  - 16:38:41.650] Token exchange success!
[Info  - 16:38:41.652] Getting user info...
[Info  - 16:38:42.224] Got account info!
[Info  - 16:38:42.227] Storing 1 sessions...
[Error  - 16:38:42.926] Setting token failed: Error: The name org.freedesktop.secrets was not provided by any .service files
[Info  - 16:38:45.558] Stored 1 sessions!
[Info  - 16:38:45.561] Login success!
[Info  - 16:38:45.587] Getting sessions for all scopes...
[Info  - 16:38:45.587] Got 1 sessions for all scopes...
