[2021-11-02 14:15:46.131] [exthost] [info] extension host started
[2021-11-02 14:15:46.131] [exthost] [info] Skipping acquiring lock for /home/skywalker/.config/Code/User/workspaceStorage/0cb9f0b78f44695a7e3e4d5466b2c2ef.
[2021-11-02 14:15:46.400] [exthost] [info] ExtensionService#_doActivateExtension vscode.microsoft-authentication, startup: false, activationEvent: 'onAuthenticationRequest:microsoft'
[2021-11-02 14:15:46.401] [exthost] [info] ExtensionService#loadCommonJSModule file:///usr/share/code/resources/app/extensions/microsoft-authentication/dist/extension.js
[2021-11-02 14:15:46.432] [exthost] [info] ExtensionService#_doActivateExtension vscode.debug-auto-launch, startup: true, activationEvent: '*'
[2021-11-02 14:15:46.433] [exthost] [info] ExtensionService#loadCommonJSModule file:///usr/share/code/resources/app/extensions/debug-auto-launch/dist/extension
[2021-11-02 14:15:46.443] [exthost] [info] ExtensionService#_doActivateExtension vscode.git, startup: true, activationEvent: '*', root cause: vscode.github
[2021-11-02 14:15:46.443] [exthost] [info] ExtensionService#loadCommonJSModule file:///usr/share/code/resources/app/extensions/git/dist/main
[2021-11-02 14:15:47.367] [exthost] [info] ExtensionService#_doActivateExtension vscode.github, startup: true, activationEvent: '*'
[2021-11-02 14:15:47.368] [exthost] [info] ExtensionService#loadCommonJSModule file:///usr/share/code/resources/app/extensions/github/dist/extension.js
[2021-11-02 14:15:47.488] [exthost] [info] eager extensions activated
[2021-11-02 14:15:47.528] [exthost] [info] ExtensionService#_doActivateExtension ms-vscode.js-debug, startup: false, activationEvent: 'onCommand:extension.js-debug.clearAutoAttachVariables'
[2021-11-02 14:15:47.530] [exthost] [info] ExtensionService#loadCommonJSModule file:///usr/share/code/resources/app/extensions/ms-vscode.js-debug/src/extension.js
[2021-11-02 14:15:48.306] [exthost] [info] ExtensionService#_doActivateExtension vscode.emmet, startup: false, activationEvent: 'onStartupFinished'
[2021-11-02 14:15:48.306] [exthost] [info] ExtensionService#loadCommonJSModule file:///usr/share/code/resources/app/extensions/emmet/dist/node/emmetNodeMain
[2021-11-02 14:15:48.350] [exthost] [info] ExtensionService#_doActivateExtension vscode.merge-conflict, startup: false, activationEvent: 'onStartupFinished'
[2021-11-02 14:15:48.350] [exthost] [info] ExtensionService#loadCommonJSModule file:///usr/share/code/resources/app/extensions/merge-conflict/dist/mergeConflictMain
[2021-11-02 14:15:48.937] [exthost] [info] ExtensionService#_doActivateExtension vscode.github-authentication, startup: false, activationEvent: 'onAuthenticationRequest:github'
[2021-11-02 14:15:48.937] [exthost] [info] ExtensionService#loadCommonJSModule file:///usr/share/code/resources/app/extensions/github-authentication/dist/extension.js
[2021-11-02 14:16:01.837] [exthost] [info] ExtensionService#_doActivateExtension ms-python.python, startup: false, activationEvent: 'onWalkthrough:pythonWelcome'
[2021-11-02 14:16:01.837] [exthost] [info] ExtensionService#loadCommonJSModule file:///home/skywalker/.vscode/extensions/ms-python.python-2021.10.1365161279/out/client/extension
[2021-11-02 14:16:03.312] [exthost] [info] ExtensionService#_doActivateExtension ms-python.vscode-pylance, startup: false, activationEvent: 'api', root cause: ms-python.python
[2021-11-02 14:16:03.318] [exthost] [info] ExtensionService#loadCommonJSModule file:///home/skywalker/.vscode/extensions/ms-python.vscode-pylance-2021.10.3/dist/extension.bundle.js
[2021-11-02 14:17:11.497] [exthost] [info] ExtensionService#_doActivateExtension ms-toolsai.jupyter, startup: false, activationEvent: 'onLanguage:python'
[2021-11-02 14:17:11.497] [exthost] [info] ExtensionService#loadCommonJSModule file:///home/skywalker/.vscode/extensions/ms-toolsai.jupyter-2021.9.1101343141/out/client/extension
[2021-11-02 14:17:14.540] [exthost] [info] ExtensionService#_doActivateExtension ms-toolsai.jupyter-renderers, startup: false, activationEvent: 'api', root cause: ms-toolsai.jupyter
[2021-11-02 14:17:14.545] [exthost] [info] ExtensionService#loadCommonJSModule file:///home/skywalker/.vscode/extensions/ms-toolsai.jupyter-renderers-1.0.3/out/extension_renderer/index.js
[2021-11-02 14:17:15.953] [exthost] [error] [ms-python.python] provider FAILED
[2021-11-02 14:17:15.956] [exthost] [error] Canceled: Canceled
	at _.makeCancelError (/home/skywalker/.vscode/extensions/ms-python.python-2021.10.1365161279/out/client/extension.js:9:153526)
	at _.handleFailedRequest (/home/skywalker/.vscode/extensions/ms-python.python-2021.10.1365161279/out/client/extension.js:9:153377)
	at /home/skywalker/.vscode/extensions/ms-python.python-2021.10.1365161279/out/client/extension.js:9:121238
	at runNextTicks (internal/process/task_queues.js:58:5)
	at processImmediate (internal/timers.js:434:9)
	at async T.provideCodeActions (/usr/share/code/resources/app/out/vs/workbench/services/extensions/node/extensionHostProcess.js:94:172403)
[2021-11-02 14:17:15.959] [exthost] [error] [ms-python.python] provider FAILED
[2021-11-02 14:17:15.962] [exthost] [error] Canceled: Canceled
	at _.makeCancelError (/home/skywalker/.vscode/extensions/ms-python.python-2021.10.1365161279/out/client/extension.js:9:153526)
	at _.handleFailedRequest (/home/skywalker/.vscode/extensions/ms-python.python-2021.10.1365161279/out/client/extension.js:9:153377)
	at /home/skywalker/.vscode/extensions/ms-python.python-2021.10.1365161279/out/client/extension.js:9:121238
	at async T.provideCodeActions (/usr/share/code/resources/app/out/vs/workbench/services/extensions/node/extensionHostProcess.js:94:172403)
[2021-11-02 14:17:15.994] [exthost] [error] [ms-python.python] provider FAILED
[2021-11-02 14:17:15.997] [exthost] [error] Canceled: Canceled
	at _.makeCancelError (/home/skywalker/.vscode/extensions/ms-python.python-2021.10.1365161279/out/client/extension.js:9:153526)
	at _.handleFailedRequest (/home/skywalker/.vscode/extensions/ms-python.python-2021.10.1365161279/out/client/extension.js:9:153377)
	at /home/skywalker/.vscode/extensions/ms-python.python-2021.10.1365161279/out/client/extension.js:9:121238
	at runNextTicks (internal/process/task_queues.js:58:5)
	at processImmediate (internal/timers.js:434:9)
	at async T.provideCodeActions (/usr/share/code/resources/app/out/vs/workbench/services/extensions/node/extensionHostProcess.js:94:172403)
[2021-11-02 14:17:17.747] [exthost] [error] [ms-python.python] provider FAILED
[2021-11-02 14:17:17.762] [exthost] [error] Canceled: Canceled
	at _.makeCancelError (/home/skywalker/.vscode/extensions/ms-python.python-2021.10.1365161279/out/client/extension.js:9:153526)
	at _.handleFailedRequest (/home/skywalker/.vscode/extensions/ms-python.python-2021.10.1365161279/out/client/extension.js:9:153377)
	at /home/skywalker/.vscode/extensions/ms-python.python-2021.10.1365161279/out/client/extension.js:52:350371
	at async N.provideDocumentRangeSemanticTokens (/usr/share/code/resources/app/out/vs/workbench/services/extensions/node/extensionHostProcess.js:94:180004)
[2021-11-02 14:21:29.445] [exthost] [error] [ms-python.python] provider FAILED
[2021-11-02 14:21:29.445] [exthost] [error] Canceled: Canceled
	at _.makeCancelError (/home/skywalker/.vscode/extensions/ms-python.python-2021.10.1365161279/out/client/extension.js:9:153526)
	at _.handleFailedRequest (/home/skywalker/.vscode/extensions/ms-python.python-2021.10.1365161279/out/client/extension.js:9:153377)
	at /home/skywalker/.vscode/extensions/ms-python.python-2021.10.1365161279/out/client/extension.js:9:118365
	at async l.provideDocumentSymbols (/usr/share/code/resources/app/out/vs/workbench/services/extensions/node/extensionHostProcess.js:94:166891)
[2021-11-02 14:21:53.615] [exthost] [error] [ms-python.python] provider FAILED
[2021-11-02 14:21:53.615] [exthost] [error] Canceled: Canceled
	at _.makeCancelError (/home/skywalker/.vscode/extensions/ms-python.python-2021.10.1365161279/out/client/extension.js:9:153526)
	at _.handleFailedRequest (/home/skywalker/.vscode/extensions/ms-python.python-2021.10.1365161279/out/client/extension.js:9:153377)
	at /home/skywalker/.vscode/extensions/ms-python.python-2021.10.1365161279/out/client/extension.js:9:113719
	at async s.provideHover (/usr/share/code/resources/app/out/vs/workbench/services/extensions/node/extensionHostProcess.js:94:170095)
[2021-11-02 14:22:51.118] [exthost] [error] [ms-python.python] provider FAILED
[2021-11-02 14:22:51.118] [exthost] [error] Canceled: Canceled
	at _.makeCancelError (/home/skywalker/.vscode/extensions/ms-python.python-2021.10.1365161279/out/client/extension.js:9:153526)
	at _.handleFailedRequest (/home/skywalker/.vscode/extensions/ms-python.python-2021.10.1365161279/out/client/extension.js:9:153377)
	at /home/skywalker/.vscode/extensions/ms-python.python-2021.10.1365161279/out/client/extension.js:9:113719
	at async s.provideHover (/usr/share/code/resources/app/out/vs/workbench/services/extensions/node/extensionHostProcess.js:94:170095)
[2021-11-02 14:23:18.495] [exthost] [warning] [Decorations] CAPPING events from decorations provider vscode.git 6422
[2021-11-02 14:23:22.971] [exthost] [warning] [Decorations] CAPPING events from decorations provider vscode.git 6422
[2021-11-02 14:24:07.620] [exthost] [warning] [Decorations] CAPPING events from decorations provider vscode.git 6423
[2021-11-02 14:24:15.673] [exthost] [warning] [Decorations] CAPPING events from decorations provider vscode.git 6423
[2021-11-02 14:24:26.110] [exthost] [warning] [Decorations] CAPPING events from decorations provider vscode.git 6423
[2021-11-02 14:24:36.370] [exthost] [warning] [Decorations] CAPPING events from decorations provider vscode.git 6423
[2021-11-02 14:24:53.013] [exthost] [warning] [Decorations] CAPPING events from decorations provider vscode.git 6423
[2021-11-02 14:25:04.179] [exthost] [warning] [Decorations] CAPPING events from decorations provider vscode.git 6423
[2021-11-02 14:25:13.426] [exthost] [error] [ms-python.python] provider FAILED
[2021-11-02 14:25:13.430] [exthost] [error] Canceled: Canceled
	at _.makeCancelError (/home/skywalker/.vscode/extensions/ms-python.python-2021.10.1365161279/out/client/extension.js:9:153526)
	at _.handleFailedRequest (/home/skywalker/.vscode/extensions/ms-python.python-2021.10.1365161279/out/client/extension.js:9:153377)
	at /home/skywalker/.vscode/extensions/ms-python.python-2021.10.1365161279/out/client/extension.js:9:113719
	at async s.provideHover (/usr/share/code/resources/app/out/vs/workbench/services/extensions/node/extensionHostProcess.js:94:170095)
[2021-11-02 14:25:13.434] [exthost] [error] [ms-python.python] provider FAILED
[2021-11-02 14:25:13.444] [exthost] [error] Canceled: Canceled
	at _.makeCancelError (/home/skywalker/.vscode/extensions/ms-python.python-2021.10.1365161279/out/client/extension.js:9:153526)
	at _.handleFailedRequest (/home/skywalker/.vscode/extensions/ms-python.python-2021.10.1365161279/out/client/extension.js:9:153377)
	at /home/skywalker/.vscode/extensions/ms-python.python-2021.10.1365161279/out/client/extension.js:9:113719
	at runNextTicks (internal/process/task_queues.js:58:5)
	at processImmediate (internal/timers.js:434:9)
	at async s.provideHover (/usr/share/code/resources/app/out/vs/workbench/services/extensions/node/extensionHostProcess.js:94:170095)
[2021-11-02 14:25:13.457] [exthost] [error] [ms-python.python] provider FAILED
[2021-11-02 14:25:13.459] [exthost] [error] Canceled: Canceled
	at _.makeCancelError (/home/skywalker/.vscode/extensions/ms-python.python-2021.10.1365161279/out/client/extension.js:9:153526)
	at _.handleFailedRequest (/home/skywalker/.vscode/extensions/ms-python.python-2021.10.1365161279/out/client/extension.js:9:153377)
	at /home/skywalker/.vscode/extensions/ms-python.python-2021.10.1365161279/out/client/extension.js:9:113719
	at async s.provideHover (/usr/share/code/resources/app/out/vs/workbench/services/extensions/node/extensionHostProcess.js:94:170095)
[2021-11-02 14:25:16.894] [exthost] [error] [ms-python.python] provider FAILED
[2021-11-02 14:25:16.896] [exthost] [error] Canceled: Canceled
	at _.makeCancelError (/home/skywalker/.vscode/extensions/ms-python.python-2021.10.1365161279/out/client/extension.js:9:153526)
	at _.handleFailedRequest (/home/skywalker/.vscode/extensions/ms-python.python-2021.10.1365161279/out/client/extension.js:9:153377)
	at /home/skywalker/.vscode/extensions/ms-python.python-2021.10.1365161279/out/client/extension.js:9:113719
	at async s.provideHover (/usr/share/code/resources/app/out/vs/workbench/services/extensions/node/extensionHostProcess.js:94:170095)
[2021-11-02 14:25:17.168] [exthost] [error] [ms-python.python] provider FAILED
[2021-11-02 14:25:17.168] [exthost] [error] Canceled: Canceled
	at _.makeCancelError (/home/skywalker/.vscode/extensions/ms-python.python-2021.10.1365161279/out/client/extension.js:9:153526)
	at _.handleFailedRequest (/home/skywalker/.vscode/extensions/ms-python.python-2021.10.1365161279/out/client/extension.js:9:153377)
	at /home/skywalker/.vscode/extensions/ms-python.python-2021.10.1365161279/out/client/extension.js:9:117311
	at async v.provideDocumentHighlights (/usr/share/code/resources/app/out/vs/workbench/services/extensions/node/extensionHostProcess.js:94:171033)
[2021-11-02 14:25:18.422] [exthost] [warning] [Decorations] CAPPING events from decorations provider vscode.git 6423
[2021-11-02 14:25:26.192] [exthost] [error] [ms-python.python] provider FAILED
[2021-11-02 14:25:26.200] [exthost] [error] Canceled: Canceled
	at _.makeCancelError (/home/skywalker/.vscode/extensions/ms-python.python-2021.10.1365161279/out/client/extension.js:9:153526)
	at _.handleFailedRequest (/home/skywalker/.vscode/extensions/ms-python.python-2021.10.1365161279/out/client/extension.js:9:153377)
	at /home/skywalker/.vscode/extensions/ms-python.python-2021.10.1365161279/out/client/extension.js:9:113719
	at runNextTicks (internal/process/task_queues.js:58:5)
	at processImmediate (internal/timers.js:434:9)
	at async s.provideHover (/usr/share/code/resources/app/out/vs/workbench/services/extensions/node/extensionHostProcess.js:94:170095)
[2021-11-02 14:25:53.033] [exthost] [warning] [Decorations] CAPPING events from decorations provider vscode.git 6423
[2021-11-02 14:26:04.092] [exthost] [warning] [Decorations] CAPPING events from decorations provider vscode.git 6423
[2021-11-02 14:40:27.225] [exthost] [info] extension host terminating: renderer closed the socket
[2021-11-02 14:40:28.225] [exthost] [error] {"error":{"errno":-2,"code":"ENOENT","syscall":"spawn git","path":"git","spawnargs":["status","-z","-u"]},"message":"spawn git ENOENT","gitErrorCode":"NotAGitRepository"}
[2021-11-02 14:40:28.454] [exthost] [info] exiting with code 0
