[2021-11-05 07:58:05.168] [exthost] [info] extension host started
[2021-11-05 07:58:05.168] [exthost] [info] Skipping acquiring lock for /home/skywalker/.config/Code/User/workspaceStorage/0cb9f0b78f44695a7e3e4d5466b2c2ef.
[2021-11-05 07:58:06.460] [exthost] [info] ExtensionService#_doActivateExtension vscode.microsoft-authentication, startup: false, activationEvent: 'onAuthenticationRequest:microsoft'
[2021-11-05 07:58:06.460] [exthost] [info] ExtensionService#loadCommonJSModule file:///usr/share/code/resources/app/extensions/microsoft-authentication/dist/extension.js
[2021-11-05 07:58:06.543] [exthost] [info] ExtensionService#_doActivateExtension ms-python.python, startup: false, activationEvent: 'onLanguage:python', root cause: ms-python.vscode-pylance
[2021-11-05 07:58:06.544] [exthost] [info] ExtensionService#loadCommonJSModule file:///home/skywalker/.vscode/extensions/ms-python.python-2021.11.1422169775/out/client/extension
[2021-11-05 07:58:07.084] [exthost] [info] ExtensionService#_doActivateExtension ms-toolsai.jupyter, startup: false, activationEvent: 'onLanguage:python'
[2021-11-05 07:58:07.084] [exthost] [info] ExtensionService#loadCommonJSModule file:///home/skywalker/.vscode/extensions/ms-toolsai.jupyter-2021.9.1101343141/out/client/extension
[2021-11-05 07:58:07.630] [exthost] [info] ExtensionService#_doActivateExtension vscode.debug-auto-launch, startup: true, activationEvent: '*'
[2021-11-05 07:58:07.630] [exthost] [info] ExtensionService#loadCommonJSModule file:///usr/share/code/resources/app/extensions/debug-auto-launch/dist/extension
[2021-11-05 07:58:07.646] [exthost] [info] ExtensionService#_doActivateExtension vscode.git, startup: true, activationEvent: '*', root cause: vscode.github
[2021-11-05 07:58:07.650] [exthost] [info] ExtensionService#loadCommonJSModule file:///usr/share/code/resources/app/extensions/git/dist/main
[2021-11-05 07:58:09.023] [exthost] [info] ExtensionService#_doActivateExtension vscode.github, startup: true, activationEvent: '*'
[2021-11-05 07:58:09.023] [exthost] [info] ExtensionService#loadCommonJSModule file:///usr/share/code/resources/app/extensions/github/dist/extension.js
[2021-11-05 07:58:09.528] [exthost] [warning] [Decorations] CAPPING events from decorations provider vscode.git 5825
[2021-11-05 07:58:14.326] [exthost] [info] eager extensions activated
[2021-11-05 07:58:16.338] [exthost] [info] ExtensionService#_doActivateExtension ms-vscode.js-debug, startup: false, activationEvent: 'onCommand:extension.js-debug.clearAutoAttachVariables'
[2021-11-05 07:58:16.339] [exthost] [info] ExtensionService#loadCommonJSModule file:///usr/share/code/resources/app/extensions/ms-vscode.js-debug/src/extension.js
[2021-11-05 07:58:16.837] [exthost] [info] ExtensionService#_doActivateExtension ms-toolsai.jupyter-renderers, startup: false, activationEvent: 'api', root cause: ms-toolsai.jupyter
[2021-11-05 07:58:16.837] [exthost] [info] ExtensionService#loadCommonJSModule file:///home/skywalker/.vscode/extensions/ms-toolsai.jupyter-renderers-1.0.3/out/extension_renderer/index.js
[2021-11-05 07:58:16.854] [exthost] [info] ExtensionService#_doActivateExtension vscode.emmet, startup: false, activationEvent: 'onStartupFinished'
[2021-11-05 07:58:16.854] [exthost] [info] ExtensionService#loadCommonJSModule file:///usr/share/code/resources/app/extensions/emmet/dist/node/emmetNodeMain
[2021-11-05 07:58:16.872] [exthost] [info] ExtensionService#_doActivateExtension vscode.merge-conflict, startup: false, activationEvent: 'onStartupFinished'
[2021-11-05 07:58:16.873] [exthost] [info] ExtensionService#loadCommonJSModule file:///usr/share/code/resources/app/extensions/merge-conflict/dist/mergeConflictMain
[2021-11-05 07:58:17.321] [exthost] [info] ExtensionService#_doActivateExtension ms-python.vscode-pylance, startup: false, activationEvent: 'onLanguage:python'
[2021-11-05 07:58:17.324] [exthost] [info] ExtensionService#loadCommonJSModule file:///home/skywalker/.vscode/extensions/ms-python.vscode-pylance-2021.11.0/dist/extension.bundle.js
[2021-11-05 07:58:18.077] [exthost] [warning] [Decorations] CAPPING events from decorations provider vscode.git 5839
[2021-11-05 07:58:22.575] [exthost] [info] ExtensionService#_doActivateExtension vscode.github-authentication, startup: false, activationEvent: 'onAuthenticationRequest:github'
[2021-11-05 07:58:22.578] [exthost] [info] ExtensionService#loadCommonJSModule file:///usr/share/code/resources/app/extensions/github-authentication/dist/extension.js
[2021-11-05 07:58:32.126] [exthost] [warning] [Decorations] CAPPING events from decorations provider vscode.git 5841
[2021-11-05 07:58:37.340] [exthost] [error] [ms-python.python] provider FAILED
[2021-11-05 07:58:37.342] [exthost] [error] Canceled: Canceled
	at S.makeCancelError (/home/skywalker/.vscode/extensions/ms-python.python-2021.11.1422169775/out/client/extension.js:9:151015)
	at S.handleFailedRequest (/home/skywalker/.vscode/extensions/ms-python.python-2021.11.1422169775/out/client/extension.js:9:150866)
	at /home/skywalker/.vscode/extensions/ms-python.python-2021.11.1422169775/out/client/extension.js:9:111208
	at async s.provideHover (/usr/share/code/resources/app/out/vs/workbench/services/extensions/node/extensionHostProcess.js:94:170095)
[2021-11-05 07:58:43.527] [exthost] [warning] [Decorations] CAPPING events from decorations provider vscode.git 5841
[2021-11-05 07:58:55.488] [exthost] [warning] [Decorations] CAPPING events from decorations provider vscode.git 5841
[2021-11-05 07:59:06.210] [exthost] [warning] [Decorations] CAPPING events from decorations provider vscode.git 5841
[2021-11-05 07:59:18.674] [exthost] [warning] [Decorations] CAPPING events from decorations provider vscode.git 5841
[2021-11-05 07:59:28.910] [exthost] [warning] [Decorations] CAPPING events from decorations provider vscode.git 5841
[2021-11-05 08:01:16.283] [exthost] [warning] [Decorations] CAPPING events from decorations provider vscode.git 5841
[2021-11-05 08:01:26.138] [exthost] [warning] [Decorations] CAPPING events from decorations provider vscode.git 5841
[2021-11-05 08:01:36.394] [exthost] [warning] [Decorations] CAPPING events from decorations provider vscode.git 5841
[2021-11-05 08:01:50.023] [exthost] [warning] [Decorations] CAPPING events from decorations provider vscode.git 5841
[2021-11-05 08:01:59.783] [exthost] [warning] [Decorations] CAPPING events from decorations provider vscode.git 5841
[2021-11-05 08:02:10.332] [exthost] [warning] [Decorations] CAPPING events from decorations provider vscode.git 5841
[2021-11-05 08:02:26.871] [exthost] [warning] [Decorations] CAPPING events from decorations provider vscode.git 5841
[2021-11-05 08:03:31.078] [exthost] [warning] [Decorations] CAPPING events from decorations provider vscode.git 5841
[2021-11-05 08:03:43.174] [exthost] [warning] [Decorations] CAPPING events from decorations provider vscode.git 5841
[2021-11-05 08:03:53.458] [exthost] [warning] [Decorations] CAPPING events from decorations provider vscode.git 5841
[2021-11-05 08:04:08.330] [exthost] [warning] [Decorations] CAPPING events from decorations provider vscode.git 5841
[2021-11-05 08:04:16.367] [exthost] [error] [ms-python.python] provider FAILED
[2021-11-05 08:04:16.367] [exthost] [error] Canceled: Canceled
	at S.makeCancelError (/home/skywalker/.vscode/extensions/ms-python.python-2021.11.1422169775/out/client/extension.js:9:151015)
	at S.handleFailedRequest (/home/skywalker/.vscode/extensions/ms-python.python-2021.11.1422169775/out/client/extension.js:9:150866)
	at /home/skywalker/.vscode/extensions/ms-python.python-2021.11.1422169775/out/client/extension.js:9:111208
	at async s.provideHover (/usr/share/code/resources/app/out/vs/workbench/services/extensions/node/extensionHostProcess.js:94:170095)
[2021-11-05 08:04:16.650] [exthost] [error] [ms-python.python] provider FAILED
[2021-11-05 08:04:16.654] [exthost] [error] Canceled: Canceled
	at S.makeCancelError (/home/skywalker/.vscode/extensions/ms-python.python-2021.11.1422169775/out/client/extension.js:9:151015)
	at S.handleFailedRequest (/home/skywalker/.vscode/extensions/ms-python.python-2021.11.1422169775/out/client/extension.js:9:150866)
	at /home/skywalker/.vscode/extensions/ms-python.python-2021.11.1422169775/out/client/extension.js:9:111208
	at async s.provideHover (/usr/share/code/resources/app/out/vs/workbench/services/extensions/node/extensionHostProcess.js:94:170095)
[2021-11-05 08:08:42.426] [exthost] [warning] [Decorations] CAPPING events from decorations provider vscode.git 5841
[2021-11-05 08:08:52.776] [exthost] [warning] [Decorations] CAPPING events from decorations provider vscode.git 5841
[2021-11-05 08:09:02.224] [exthost] [warning] [Decorations] CAPPING events from decorations provider vscode.git 5841
[2021-11-05 08:09:09.416] [exthost] [warning] [Decorations] CAPPING events from decorations provider vscode.git 5841
[2021-11-05 08:11:15.116] [exthost] [error] [ms-python.python] provider FAILED
[2021-11-05 08:11:15.117] [exthost] [error] Canceled: Canceled
	at S.makeCancelError (/home/skywalker/.vscode/extensions/ms-python.python-2021.11.1422169775/out/client/extension.js:9:151015)
	at S.handleFailedRequest (/home/skywalker/.vscode/extensions/ms-python.python-2021.11.1422169775/out/client/extension.js:9:150866)
	at /home/skywalker/.vscode/extensions/ms-python.python-2021.11.1422169775/out/client/extension.js:9:111208
	at async s.provideHover (/usr/share/code/resources/app/out/vs/workbench/services/extensions/node/extensionHostProcess.js:94:170095)
[2021-11-05 08:16:35.892] [exthost] [error] [ms-python.python] provider FAILED
[2021-11-05 08:16:35.892] [exthost] [error] Canceled: Canceled
	at S.makeCancelError (/home/skywalker/.vscode/extensions/ms-python.python-2021.11.1422169775/out/client/extension.js:9:151015)
	at S.handleFailedRequest (/home/skywalker/.vscode/extensions/ms-python.python-2021.11.1422169775/out/client/extension.js:9:150866)
	at /home/skywalker/.vscode/extensions/ms-python.python-2021.11.1422169775/out/client/extension.js:9:111208
	at async s.provideHover (/usr/share/code/resources/app/out/vs/workbench/services/extensions/node/extensionHostProcess.js:94:170095)
[2021-11-05 08:29:19.033] [exthost] [info] extension host terminating: renderer closed the socket
[2021-11-05 08:29:20.228] [exthost] [info] exiting with code 0
