[Info  - 4:35:39 PM] Pylance language server 2021.11.0 (pyright fb86eac6) starting
[Info  - 4:35:39 PM] Server root directory: /home/skywalker/.vscode/extensions/ms-python.vscode-pylance-2021.11.0/dist
[Info  - 4:35:40 PM] No configuration file found.
[Info  - 4:35:40 PM] No pyproject.toml file found.
[Info  - 4:35:40 PM] Setting pythonPath for service "skywalker": "/usr/bin/python3"
[Warn  - 4:35:40 PM] stubPath /home/skywalker/typings is not a valid directory.
[Info  - 4:35:40 PM] Assuming Python version 3.7
[Info  - 4:35:40 PM] Assuming Python platform Linux
[Warn  - 4:35:43 PM] Exception received when installing file system watcher: TypeError [ERR_FEATURE_UNAVAILABLE_ON_PLATFORM]: The feature watch recursively is unavailable on the current platform, which is being used to run Node.js
[Warn  - 4:35:43 PM] Exception received when installing file system watcher: TypeError [ERR_FEATURE_UNAVAILABLE_ON_PLATFORM]: The feature watch recursively is unavailable on the current platform, which is being used to run Node.js
[Warn  - 4:35:43 PM] Exception received when installing file system watcher: TypeError [ERR_FEATURE_UNAVAILABLE_ON_PLATFORM]: The feature watch recursively is unavailable on the current platform, which is being used to run Node.js
[Warn  - 4:35:43 PM] Exception received when installing file system watcher: TypeError [ERR_FEATURE_UNAVAILABLE_ON_PLATFORM]: The feature watch recursively is unavailable on the current platform, which is being used to run Node.js
[Info  - 4:35:43 PM] Searching for source files
[Info  - 4:35:46 PM] Found 5282 source files
[Info  - 4:35:46 PM] Background analysis(1) root directory: /home/skywalker/.vscode/extensions/ms-python.vscode-pylance-2021.11.0/dist
[Info  - 4:35:46 PM] Background analysis(1) started
[Info  - 4:35:46 PM] Searching for source files
[Info  - 4:35:49 PM] Found 5448 source files
[Info  - 4:35:53 PM] [BG(1)] Long operation: analyzing: /home/skywalker/guitar_scales.py (3410ms)
[Info  - 4:41:06 PM] Searching for source files
[Info  - 4:41:07 PM] Found 5448 source files
[Info  - 4:46:06 PM] Searching for source files
[Info  - 4:46:07 PM] Found 5448 source files
[Info  - 4:47:06 PM] Searching for source files
[Info  - 4:47:06 PM] Found 5448 source files
[Info  - 4:48:00 PM] Searching for source files
[Info  - 4:48:00 PM] Found 5448 source files
[Info  - 4:48:02 PM] Searching for source files
[Info  - 4:48:02 PM] Found 5448 source files
[Info  - 4:48:06 PM] Searching for source files
[Info  - 4:48:07 PM] Found 5448 source files
[Info  - 4:48:13 PM] Searching for source files
[Info  - 4:48:14 PM] Found 5448 source files
[Info  - 4:48:19 PM] Searching for source files
[Info  - 4:48:20 PM] Found 5449 source files
[Info  - 4:48:24 PM] Searching for source files
[Info  - 4:48:25 PM] Found 5449 source files
[Info  - 4:49:06 PM] Searching for source files
[Info  - 4:49:07 PM] Found 5449 source files
[Info  - 4:49:41 PM] Searching for source files
[Info  - 4:49:41 PM] Found 5449 source files
[Info  - 4:52:39 PM] Searching for source files
[Info  - 4:52:40 PM] Found 5449 source files
[Info  - 4:53:06 PM] Searching for source files
[Info  - 4:53:07 PM] Found 5449 source files
[Info  - 4:54:06 PM] Searching for source files
[Info  - 4:54:07 PM] Found 5449 source files
[Info  - 4:55:06 PM] Searching for source files
[Info  - 4:55:07 PM] Found 5449 source files
[Info  - 4:56:06 PM] Searching for source files
[Info  - 4:56:07 PM] Found 5449 source files
[Info  - 4:57:02 PM] Searching for source files
[Info  - 4:57:03 PM] Found 5449 source files
[Info  - 4:57:07 PM] Searching for source files
[Info  - 4:57:07 PM] Found 5449 source files
[Info  - 4:57:14 PM] Searching for source files
[Info  - 4:57:14 PM] Found 5449 source files
[Info  - 4:57:38 PM] Searching for source files
[Info  - 4:57:39 PM] Found 5449 source files
[Info  - 5:00:07 PM] Searching for source files
[Info  - 5:00:09 PM] Found 5449 source files
[Info  - 5:00:49 PM] Searching for source files
[Info  - 5:00:51 PM] Found 5449 source files
[Info  - 5:03:03 PM] Searching for source files
[Info  - 5:03:04 PM] Found 5449 source files
[Info  - 5:03:24 PM] Searching for source files
[Info  - 5:03:26 PM] Found 5449 source files
[Info  - 5:03:27 PM] Searching for source files
[Info  - 5:03:28 PM] Found 5283 source files
[Info  - 5:04:06 PM] Searching for source files
[Info  - 5:04:07 PM] Found 5449 source files
[Info  - 5:04:18 PM] Searching for source files
[Info  - 5:04:19 PM] Found 5449 source files
[Info  - 5:05:06 PM] Searching for source files
[Info  - 5:05:07 PM] Found 5449 source files
[Info  - 5:05:55 PM] Searching for source files
[Info  - 5:05:56 PM] Found 5449 source files
[Info  - 5:06:07 PM] Searching for source files
[Info  - 5:06:08 PM] Found 5283 source files
[Info  - 5:06:12 PM] Searching for source files
[Info  - 5:06:13 PM] Found 5449 source files
[Info  - 5:06:31 PM] Searching for source files
[Info  - 5:06:32 PM] Found 5449 source files
[Info  - 5:06:58 PM] Searching for source files
[Info  - 5:06:59 PM] Found 5449 source files
[Info  - 5:07:07 PM] Searching for source files
[Info  - 5:07:08 PM] Found 5449 source files
[Info  - 5:07:16 PM] Searching for source files
[Info  - 5:07:17 PM] Found 5449 source files
[Info  - 5:07:36 PM] Searching for source files
[Info  - 5:07:36 PM] Found 5449 source files
[Info  - 5:08:07 PM] Searching for source files
[Info  - 5:08:07 PM] Found 5449 source files
[Info  - 5:08:40 PM] Searching for source files
[Info  - 5:08:41 PM] Found 5449 source files
[Info  - 5:08:58 PM] Searching for source files
[Info  - 5:08:59 PM] Found 5449 source files
[Info  - 5:09:07 PM] Searching for source files
[Info  - 5:09:08 PM] Found 5449 source files
[Info  - 5:10:06 PM] Searching for source files
[Info  - 5:10:07 PM] Found 5449 source files
[Info  - 5:10:08 PM] Searching for source files
[Info  - 5:10:09 PM] Found 5283 source files
[Info  - 5:10:38 PM] Searching for source files
[Info  - 5:10:40 PM] Found 5449 source files
[Info  - 5:11:02 PM] Searching for source files
[Info  - 5:11:03 PM] Found 5449 source files
[Info  - 5:11:07 PM] Searching for source files
[Info  - 5:11:08 PM] Found 5449 source files
[Info  - 5:11:14 PM] Searching for source files
[Info  - 5:11:15 PM] Found 5449 source files
[Info  - 5:11:17 PM] Searching for source files
[Info  - 5:11:18 PM] Found 5283 source files
[Info  - 5:12:07 PM] Searching for source files
[Info  - 5:12:08 PM] Found 5449 source files
[Info  - 5:13:07 PM] Searching for source files
[Info  - 5:13:08 PM] Found 5449 source files
[Info  - 5:16:07 PM] Searching for source files
[Info  - 5:16:08 PM] Found 5449 source files
[Info  - 5:17:08 PM] Searching for source files
[Info  - 5:17:09 PM] Found 5283 source files
[Info  - 5:18:07 PM] Searching for source files
[Info  - 5:18:08 PM] Found 5283 source files
[Info  - 5:19:07 PM] Searching for source files
[Info  - 5:19:08 PM] Found 5449 source files
[Info  - 5:20:07 PM] Searching for source files
[Info  - 5:20:09 PM] Found 5449 source files
[Info  - 5:21:08 PM] Searching for source files
[Info  - 5:21:09 PM] Found 5283 source files
[Info  - 5:22:07 PM] Searching for source files
[Info  - 5:22:08 PM] Found 5449 source files
[Info  - 5:22:19 PM] Searching for source files
[Info  - 5:22:20 PM] Found 5449 source files
[Info  - 5:23:08 PM] Searching for source files
[Info  - 5:23:09 PM] Found 5283 source files
[Info  - 5:24:08 PM] Searching for source files
[Info  - 5:24:09 PM] Found 5283 source files
[Info  - 5:25:06 PM] Searching for source files
[Info  - 5:25:07 PM] Found 5449 source files
[Info  - 5:25:28 PM] Searching for source files
[Info  - 5:25:29 PM] Found 5449 source files
[Info  - 5:25:34 PM] Searching for source files
[Info  - 5:25:35 PM] Found 5449 source files
[Info  - 5:25:35 PM] Searching for source files
[Info  - 5:25:36 PM] Found 5449 source files
[Info  - 5:26:07 PM] Searching for source files
[Info  - 5:26:08 PM] Found 5449 source files
[Info  - 5:28:33 PM] Searching for source files
[Info  - 5:28:34 PM] Found 5449 source files
[Info  - 5:28:34 PM] Searching for source files
[Info  - 5:28:35 PM] Found 5449 source files
[Info  - 5:29:07 PM] Searching for source files
[Info  - 5:29:08 PM] Found 5449 source files
[Info  - 5:29:38 PM] Searching for source files
[Info  - 5:29:39 PM] Found 5449 source files
[Info  - 5:30:08 PM] Searching for source files
[Info  - 5:30:09 PM] Found 5449 source files
[Info  - 5:31:07 PM] Searching for source files
[Info  - 5:31:08 PM] Found 5449 source files
[Info  - 5:33:08 PM] Searching for source files
[Info  - 5:33:08 PM] Found 5449 source files
[Info  - 5:33:44 PM] Searching for source files
[Info  - 5:33:45 PM] Found 5449 source files
[Info  - 5:34:08 PM] Searching for source files
[Info  - 5:34:09 PM] Found 5283 source files
[Info  - 5:34:11 PM] Searching for source files
[Info  - 5:34:11 PM] Found 5449 source files
[Info  - 5:34:51 PM] Searching for source files
[Info  - 5:34:52 PM] Found 5449 source files
[Info  - 5:44:08 PM] Searching for source files
[Info  - 5:44:08 PM] Found 5449 source files
[Info  - 5:46:08 PM] Searching for source files
[Info  - 5:46:08 PM] Found 5449 source files
[Info  - 5:47:08 PM] Searching for source files
[Info  - 5:47:09 PM] Found 5283 source files
[Info  - 5:48:08 PM] Searching for source files
[Info  - 5:48:09 PM] Found 5283 source files
[Info  - 5:49:08 PM] Searching for source files
[Info  - 5:49:09 PM] Found 5449 source files
[Info  - 5:50:08 PM] Searching for source files
[Info  - 5:50:09 PM] Found 5449 source files
[Info  - 5:51:08 PM] Searching for source files
[Info  - 5:51:10 PM] Found 5283 source files
[Info  - 5:52:08 PM] Searching for source files
[Info  - 5:52:09 PM] Found 5283 source files
[Info  - 5:53:08 PM] Searching for source files
[Info  - 5:53:09 PM] Found 5449 source files
[Info  - 5:54:08 PM] Searching for source files
[Info  - 5:54:09 PM] Found 5449 source files
[Info  - 5:55:08 PM] Searching for source files
[Info  - 5:55:09 PM] Found 5449 source files
[Info  - 5:55:22 PM] Searching for source files
[Info  - 5:55:23 PM] Found 5449 source files
[Info  - 5:56:08 PM] Searching for source files
[Info  - 5:56:09 PM] Found 5449 source files
[Info  - 5:57:08 PM] Searching for source files
[Info  - 5:57:09 PM] Found 5449 source files
[Info  - 5:58:08 PM] Searching for source files
[Info  - 5:58:09 PM] Found 5449 source files
[Info  - 5:59:08 PM] Searching for source files
[Info  - 5:59:09 PM] Found 5449 source files
[Info  - 6:00:08 PM] Searching for source files
[Info  - 6:00:09 PM] Found 5449 source files
[Info  - 6:00:32 PM] Searching for source files
[Info  - 6:00:33 PM] Found 5449 source files
[Info  - 6:01:08 PM] Searching for source files
[Info  - 6:01:09 PM] Found 5449 source files
[Info  - 6:02:08 PM] Searching for source files
[Info  - 6:02:09 PM] Found 5449 source files
[Info  - 6:03:08 PM] Searching for source files
[Info  - 6:03:09 PM] Found 5449 source files
[Info  - 6:04:08 PM] Searching for source files
[Info  - 6:04:09 PM] Found 5449 source files
[Info  - 6:05:09 PM] Searching for source files
[Info  - 6:05:10 PM] Found 5449 source files
[Info  - 6:05:16 PM] Searching for source files
[Info  - 6:05:17 PM] Found 5449 source files
[Info  - 6:05:35 PM] Searching for source files
[Info  - 6:05:36 PM] Found 5449 source files
[Info  - 6:05:43 PM] Searching for source files
[Info  - 6:05:44 PM] Found 5449 source files
[Info  - 6:05:44 PM] Searching for source files
[Info  - 6:05:44 PM] Found 5449 source files
[Info  - 6:06:00 PM] Searching for source files
[Info  - 6:06:02 PM] Found 5449 source files
[Info  - 6:06:02 PM] Searching for source files
[Info  - 6:06:03 PM] Found 5449 source files
[Info  - 6:06:08 PM] Searching for source files
[Info  - 6:06:09 PM] Found 5449 source files
[Info  - 6:07:08 PM] Searching for source files
[Info  - 6:07:10 PM] Found 5449 source files
[Info  - 6:07:10 PM] Searching for source files
[Info  - 6:07:11 PM] Found 5449 source files
[Info  - 6:07:15 PM] Searching for source files
[Info  - 6:07:16 PM] Found 5449 source files
[Info  - 6:07:16 PM] Searching for source files
[Info  - 6:07:17 PM] Found 5449 source files
[Info  - 6:08:09 PM] Searching for source files
[Info  - 6:08:10 PM] Found 5449 source files
[Info  - 6:08:36 PM] Searching for source files
[Info  - 6:08:37 PM] Found 5449 source files
[Info  - 6:09:08 PM] Searching for source files
[Info  - 6:09:09 PM] Found 5449 source files
[Info  - 6:11:08 PM] Searching for source files
[Info  - 6:11:09 PM] Found 5449 source files
[Info  - 6:12:09 PM] Searching for source files
[Info  - 6:12:09 PM] Found 5449 source files
[Info  - 6:13:09 PM] Searching for source files
[Info  - 6:13:09 PM] Found 5449 source files
[Info  - 6:14:09 PM] Searching for source files
[Info  - 6:14:09 PM] Found 5449 source files
[Info  - 6:14:45 PM] Searching for source files
[Info  - 6:14:46 PM] Found 5449 source files
[Info  - 6:15:09 PM] Searching for source files
[Info  - 6:15:09 PM] Found 5449 source files
[Info  - 6:16:09 PM] Searching for source files
[Info  - 6:16:10 PM] Found 5283 source files
[Info  - 6:17:06 PM] Searching for source files
[Info  - 6:17:07 PM] Found 5449 source files
[Info  - 6:17:09 PM] Searching for source files
[Info  - 6:17:09 PM] Found 5449 source files
[Info  - 6:18:09 PM] Searching for source files
[Info  - 6:18:10 PM] Found 5449 source files
[Info  - 6:19:09 PM] Searching for source files
[Info  - 6:19:10 PM] Found 5449 source files
[Info  - 6:20:09 PM] Searching for source files
[Info  - 6:20:09 PM] Found 5449 source files
[Info  - 6:21:09 PM] Searching for source files
[Info  - 6:21:10 PM] Found 5449 source files
[Info  - 6:21:12 PM] Searching for source files
[Info  - 6:21:13 PM] Found 5449 source files
[Info  - 6:22:09 PM] Searching for source files
[Info  - 6:22:09 PM] Found 5449 source files
[Info  - 6:23:09 PM] Searching for source files
[Info  - 6:23:09 PM] Found 5283 source files
[Info  - 6:23:54 PM] Searching for source files
[Info  - 6:23:54 PM] Found 5449 source files
[Info  - 6:24:04 PM] Searching for source files
[Info  - 6:24:05 PM] Found 5449 source files
[Info  - 6:24:09 PM] Searching for source files
[Info  - 6:24:10 PM] Found 5449 source files
[Info  - 6:25:09 PM] Searching for source files
[Info  - 6:25:10 PM] Found 5449 source files
[Info  - 6:25:57 PM] Searching for source files
[Info  - 6:25:58 PM] Found 5449 source files
[Info  - 6:26:09 PM] Searching for source files
[Info  - 6:26:09 PM] Found 5449 source files
[Info  - 6:27:09 PM] Searching for source files
[Info  - 6:27:10 PM] Found 5449 source files
[Info  - 6:34:01 PM] Searching for source files
[Info  - 6:34:02 PM] Found 5449 source files
[Info  - 6:34:24 PM] Searching for source files
[Info  - 6:34:25 PM] Found 5449 source files
[Info  - 6:34:25 PM] Searching for source files
[Info  - 6:34:26 PM] Found 5449 source files
[Info  - 6:34:26 PM] Searching for source files
[Info  - 6:34:27 PM] Found 5449 source files
