[Info  - 12:36:06.898] Reading sessions from keychain...
[Info  - 12:36:07.84] Getting sessions for all scopes...
[Error  - 12:36:07.267] Getting token failed: Error: The name org.freedesktop.secrets was not provided by any .service files
[Info  - 12:36:07.580] Got 0 sessions for all scopes...
[Info  - 12:36:09.666] Getting sessions for all scopes...
[Info  - 12:36:09.666] Got 0 sessions for all scopes...
[Info  - 13:33:58.364] Getting sessions for repo,workflow...
[Info  - 13:33:58.365] Got 0 sessions for repo,workflow...
[Info  - 13:34:41.912] Getting sessions for repo,workflow...
[Info  - 13:34:41.913] Got 0 sessions for repo,workflow...
[Info  - 13:34:43.882] Logging in for the following scopes: repo workflow
[Trace  - 13:34:56.148] Handling Uri...
[Info  - 13:34:56.149] Exchanging code for token...
[Info  - 13:34:56.701] Token exchange success!
[Info  - 13:34:56.703] Getting user info...
[Info  - 13:34:57.379] Got account info!
[Info  - 13:34:57.379] Storing 1 sessions...
[Error  - 13:34:58.227] Setting token failed: Error: The name org.freedesktop.secrets was not provided by any .service files
[Info  - 13:35:01.93] Stored 1 sessions!
[Info  - 13:35:01.94] Login success!
[Info  - 13:35:01.121] Getting sessions for all scopes...
[Info  - 13:35:01.122] Got 1 sessions for all scopes...
[Info  - 13:40:41.11] Getting sessions for repo,workflow...
[Info  - 13:40:41.12] Got 1 sessions for repo,workflow...
